<?xml version="1.0" encoding="UTF-8"?>
<!-- Generated by org.testng.reporters.JUnitReportReporter -->
<testsuite hostname="DESKTOP-VLKFA8F" failures="0" tests="1" name="com.HMS.Patient.ClickBookAppointmentModule" time="9.750" errors="0" timestamp="19 Jun 2024 12:16:09 GMT" skipped="0">
  <testcase classname="com.HMS.Patient.ClickBookAppointmentModule" name="verifyBookAppointmentmodule" time="9.750"/>
</testsuite> <!-- com.HMS.Patient.ClickBookAppointmentModule -->
