<?xml version="1.0" encoding="UTF-8"?>
<!-- Generated by org.testng.reporters.JUnitReportReporter -->
<testsuite hostname="DESKTOP-VLKFA8F" failures="0" tests="1" name="com.HMS.Patient.MedicalHistory" time="17.029" errors="0" timestamp="19 Jun 2024 05:19:53 GMT" skipped="0">
  <testcase classname="com.HMS.Patient.MedicalHistory" name="checkMedicalHistory" time="17.029"/>
</testsuite> <!-- com.HMS.Patient.MedicalHistory -->
