<?xml version="1.0" encoding="UTF-8"?>
<!-- Generated by org.testng.reporters.JUnitReportReporter -->
<testsuite hostname="DESKTOP-VLKFA8F" failures="0" tests="1" name="com.HMS.Patient.CLickAppointmentHistory" time="3.681" errors="0" timestamp="19 Jun 2024 12:16:09 GMT" skipped="0">
  <testcase classname="com.HMS.Patient.CLickAppointmentHistory" name="verifyAppointmentHistory" time="3.681"/>
</testsuite> <!-- com.HMS.Patient.CLickAppointmentHistory -->
